!SESSION 2024-11-26 19:27:32.352 -----------------------------------------------
eclipse.buildId=unknown
java.version=21.0.3
java.vendor=Azul Systems, Inc.
BootLoader constants: OS=win32, ARCH=x86_64, WS=win32, NL=en_IN
Command-line arguments:  -os win32 -ws win32 -arch x86_64

!ENTRY org.apache.felix.scr 4 0 2024-11-26 19:27:35.238
!MESSAGE FrameworkEvent ERROR
!STACK 0
org.osgi.framework.BundleException: Could not resolve module: org.apache.felix.scr [3]
  Unresolved requirement: Import-Package: org.osgi.service.cm; version="[1.6.0,2.0.0)"; resolution:="optional"
  Unresolved requirement: Import-Package: org.osgi.service.metatype; version="[1.2.0,2.0.0)"; resolution:="optional"
  Unresolved requirement: Import-Package: org.apache.felix.service.command; version="[1.0.0,2.0.0)"; resolution:="optional"
  Unresolved requirement: Import-Package: org.osgi.service.component; version="[1.5.0,1.6.0)"

	at org.eclipse.osgi.container.Module.start(Module.java:463)
	at org.eclipse.osgi.container.ModuleContainer$ContainerStartLevel$2.run(ModuleContainer.java:1852)
	at org.eclipse.osgi.internal.framework.EquinoxContainerAdaptor$1$1.execute(EquinoxContainerAdaptor.java:136)
	at org.eclipse.osgi.container.ModuleContainer$ContainerStartLevel.incStartLevel(ModuleContainer.java:1845)
	at org.eclipse.osgi.container.ModuleContainer$ContainerStartLevel.incStartLevel(ModuleContainer.java:1788)
	at org.eclipse.osgi.container.ModuleContainer$ContainerStartLevel.doContainerStartLevel(ModuleContainer.java:1750)
	at org.eclipse.osgi.container.SystemModule.startWorker(SystemModule.java:269)
	at org.eclipse.osgi.container.Module.doStart(Module.java:605)
	at org.eclipse.osgi.container.Module.start(Module.java:468)
	at org.eclipse.osgi.container.SystemModule.start(SystemModule.java:193)
	at org.eclipse.osgi.internal.framework.EquinoxBundle.start(EquinoxBundle.java:445)
	at org.eclipse.osgi.internal.framework.EquinoxBundle.start(EquinoxBundle.java:464)
	at org.eclipse.osgi.launch.Equinox.start(Equinox.java:139)
	at org.eclipse.core.runtime.adaptor.EclipseStarter.startup(EclipseStarter.java:338)
	at org.eclipse.core.runtime.adaptor.EclipseStarter.run(EclipseStarter.java:251)
	at java.base/jdk.internal.reflect.DirectMethodHandleAccessor.invoke(DirectMethodHandleAccessor.java:103)
	at java.base/java.lang.reflect.Method.invoke(Method.java:580)
	at org.eclipse.equinox.launcher.Main.invokeFramework(Main.java:651)
	at org.eclipse.equinox.launcher.Main.basicRun(Main.java:588)
	at org.eclipse.equinox.launcher.Main.run(Main.java:1459)
